[2026-07-15T04:00:37.214Z] 🚀 بدء تشغيل السكربت
[2026-07-15T04:00:37.216Z] 📌 نقطة التوقف الحالية: الفهرس 0
[2026-07-15T04:00:51.323Z] ✅ واتساب جاهز
[2026-07-15T04:00:51.332Z] 📞 عدد الأرقام بعد التنظيف: 5
[2026-07-15T04:00:51.336Z] 📝 تم تحميل 3 رسالة من message.json
[2026-07-15T04:00:51.336Z] 📌 نماذج من الرسائل: صباح النور  🌸 | صباح الخير 🌷 | صباح السعادة  🌹
[2026-07-15T04:00:51.337Z] ⏩ الاستئناف من الفهرس 0 (الرقم: 212607301499)
[2026-07-15T04:00:52.555Z] ✔ تم الإرسال إلى 212607301499 (صباح السعادة  🌹...)
[2026-07-15T04:00:52.559Z] ⏳ انتظار 22.0 ثانية
[2026-07-15T04:01:14.739Z] ✔ تم الإرسال إلى 212602088262 (صباح النور  🌸...)
[2026-07-15T04:01:14.740Z] ⏳ انتظار 26.4 ثانية
[2026-07-15T04:01:41.314Z] ✔ تم الإرسال إلى 34632547380 (صباح الخير 🌷...)
[2026-07-15T04:01:41.317Z] ⏳ انتظار 27.6 ثانية
[2026-07-15T04:02:09.033Z] ✔ تم الإرسال إلى 212703106510 (صباح الخير 🌷...)
[2026-07-15T04:02:09.034Z] ⏳ انتظار 37.1 ثانية
[2026-07-15T04:02:46.261Z] ✔ تم الإرسال إلى 212601781138 (صباح الخير 🌷...)
[2026-07-15T04:02:46.262Z] ⏳ انتظار 30.0 ثانية
[2026-07-15T04:03:16.307Z] 🏁 انتهت الحلقة الرئيسية
[2026-07-15T04:03:16.310Z] 📊 تم تحديث aggregate.json
[2026-07-15T04:03:16.457Z] 📨 تم إرسال التقرير للإدمن
