[2026-07-23T06:14:32.070Z] 🚀 بدء تشغيل السكربت
[2026-07-23T06:14:32.072Z] 📌 نقطة التوقف الحالية: الفهرس 0
[2026-07-23T06:14:38.074Z] ✅ واتساب جاهز
[2026-07-23T06:14:38.077Z] 📞 عدد الأرقام بعد التنظيف: 8
[2026-07-23T06:14:38.077Z] 📝 تم تحميل 9 رسالة من message.json
[2026-07-23T06:14:38.077Z] 📌 نماذج من الرسائل: 🌞🌸 صباح الخير. | ☀️🌹 صباح الخير والسعادة. | 🌷✨ صباح الخير والنور. ...
[2026-07-23T06:14:38.078Z] 🖼️ تم تحميل 3 مدخل من images.json (قد تكون روابط أو مسارات محلية)
[2026-07-23T06:14:38.078Z] ⏩ الاستئناف من الفهرس 0 (الرقم: 212640656394)
[2026-07-23T06:14:40.084Z] 🖼️ تم إرسال صورة + نص إلى 212640656394
[2026-07-23T06:14:40.084Z] ✔ تم الإرسال إلى 212640656394 (🌷✨ صباح الخير والنور....)
[2026-07-23T06:14:40.086Z] ⏳ انتظار 27.2 ثانية
[2026-07-23T06:15:07.816Z] 🖼️ تم إرسال صورة + نص إلى 212602088262
[2026-07-23T06:15:07.816Z] ✔ تم الإرسال إلى 212602088262 (☀️🌹 صباح الخير والسعادة....)
[2026-07-23T06:15:07.818Z] ⏳ انتظار 39.2 ثانية
[2026-07-23T06:15:47.293Z] 🖼️ تم إرسال صورة + نص إلى 34632547380
[2026-07-23T06:15:47.293Z] ✔ تم الإرسال إلى 34632547380 (☀️🌹 صباح الخير والسعادة....)
[2026-07-23T06:15:47.294Z] ⏳ انتظار 37.5 ثانية
[2026-07-23T06:16:24.980Z] 🖼️ تم إرسال صورة + نص إلى 34641379410
[2026-07-23T06:16:24.980Z] ✔ تم الإرسال إلى 34641379410 (🌞🌸 صباح الخير....)
[2026-07-23T06:16:24.981Z] ⏳ انتظار 39.8 ثانية
[2026-07-23T06:17:05.000Z] 🖼️ تم إرسال صورة + نص إلى 212670424819
[2026-07-23T06:17:05.000Z] ✔ تم الإرسال إلى 212670424819 (🌞🌸 صباح الخير....)
[2026-07-23T06:17:05.001Z] ⏳ انتظار 30.5 ثانية
[2026-07-23T06:17:36.141Z] 🖼️ تم إرسال صورة + نص إلى 212703106510
[2026-07-23T06:17:36.141Z] ✔ تم الإرسال إلى 212703106510 (☀️🌹 صباح الخير والسعادة....)
[2026-07-23T06:17:36.142Z] ⏳ انتظار 36.6 ثانية
[2026-07-23T06:18:12.964Z] 🖼️ تم إرسال صورة + نص إلى 212601781138
[2026-07-23T06:18:12.964Z] ✔ تم الإرسال إلى 212601781138 (🌞🌸 صباح الخير....)
[2026-07-23T06:18:12.965Z] ⏳ انتظار 37.9 ثانية
[2026-07-23T06:18:51.038Z] 🖼️ تم إرسال صورة + نص إلى 212707196436
[2026-07-23T06:18:51.038Z] ✔ تم الإرسال إلى 212707196436 (☀️🌹 صباح الخير والسعادة....)
[2026-07-23T06:18:51.039Z] ⏳ انتظار 29.3 ثانية
[2026-07-23T06:19:20.368Z] 🏁 انتهت الحلقة الرئيسية
[2026-07-23T06:19:20.373Z] 📊 تم تحديث aggregate.json
[2026-07-23T06:19:20.497Z] 📨 تم إرسال التقرير للإدمن
