[2026-07-14T10:33:25.106Z] 🚀 بدء تشغيل السكربت
[2026-07-14T10:33:25.108Z] 📌 نقطة التوقف الحالية: الفهرس 0
[2026-07-14T10:34:11.209Z] ✅ واتساب جاهز
[2026-07-14T10:34:11.212Z] 📞 عدد الأرقام بعد التنظيف: 5
[2026-07-14T10:34:11.212Z] 📝 تم تحميل 3 رسالة من message.json
[2026-07-14T10:34:11.212Z] 📌 نماذج من الرسائل: صباح النور  🌸 | صباح الخير 🌷 | صباح السعادة  🌹
[2026-07-14T10:34:11.213Z] ⏩ الاستئناف من الفهرس 0 (الرقم: 212607301499)
[2026-07-14T10:34:11.435Z] ✔ تم الإرسال إلى 212607301499 (صباح الخير 🌷...)
[2026-07-14T10:34:11.439Z] ⏳ انتظار 28.6 ثانية
[2026-07-14T10:34:40.140Z] ✔ تم الإرسال إلى 212602088262 (صباح الخير 🌷...)
[2026-07-14T10:34:40.141Z] ⏳ انتظار 29.8 ثانية
[2026-07-14T10:35:09.981Z] ✔ تم الإرسال إلى 34632547380 (صباح السعادة  🌹...)
[2026-07-14T10:35:09.982Z] ⏳ انتظار 20.9 ثانية
[2026-07-14T10:35:30.908Z] ✔ تم الإرسال إلى 212703106510 (صباح السعادة  🌹...)
[2026-07-14T10:35:30.910Z] ⏳ انتظار 21.6 ثانية
[2026-07-14T10:35:52.591Z] ✔ تم الإرسال إلى 212601781138 (صباح الخير 🌷...)
[2026-07-14T10:35:52.592Z] ⏳ انتظار 36.5 ثانية
[2026-07-14T10:36:29.102Z] 🏁 انتهت الحلقة الرئيسية
[2026-07-14T10:36:29.105Z] 📊 تم تحديث aggregate.json
[2026-07-14T10:36:29.150Z] 📨 تم إرسال التقرير للإدمن
