[2026-07-21T01:33:08.056Z] 🚀 بدء تشغيل السكربت
[2026-07-21T01:33:08.057Z] 📌 نقطة التوقف الحالية: الفهرس 0
[2026-07-21T01:33:13.329Z] ✅ واتساب جاهز
[2026-07-21T01:33:13.331Z] 📞 عدد الأرقام بعد التنظيف: 8
[2026-07-21T01:33:13.332Z] 📝 تم تحميل 9 رسالة من message.json
[2026-07-21T01:33:13.332Z] 📌 نماذج من الرسائل: 🌞🌸 صباح الخير. | ☀️🌹 صباح الخير والسعادة. | 🌷✨ صباح الخير والنور. ...
[2026-07-21T01:33:13.332Z] 🖼️ تم تحميل 1 مدخل من images.json (قد تكون روابط أو مسارات محلية)
[2026-07-21T01:33:13.333Z] ⏩ الاستئناف من الفهرس 0 (الرقم: 212640656394)
[2026-07-21T01:33:15.590Z] 🖼️ تم إرسال صورة + نص إلى 212640656394
[2026-07-21T01:33:15.590Z] ✔ تم الإرسال إلى 212640656394 (🌺😊 صباح الورد والياسمين....)
[2026-07-21T01:33:15.591Z] ⏳ انتظار 34.9 ثانية
[2026-07-21T01:33:50.931Z] 🖼️ تم إرسال صورة + نص إلى 212602088262
[2026-07-21T01:33:50.932Z] ✔ تم الإرسال إلى 212602088262 (🌹🤍 صباح الفل....)
[2026-07-21T01:33:50.933Z] ⏳ انتظار 37.0 ثانية
[2026-07-21T01:34:28.394Z] 🖼️ تم إرسال صورة + نص إلى 34632547380
[2026-07-21T01:34:28.394Z] ✔ تم الإرسال إلى 34632547380 (🌷✨ صباح الخير والنور....)
[2026-07-21T01:34:28.395Z] ⏳ انتظار 33.6 ثانية
[2026-07-21T01:35:02.498Z] 🖼️ تم إرسال صورة + نص إلى 34641379410
[2026-07-21T01:35:02.498Z] ✔ تم الإرسال إلى 34641379410 (☀️🌹 صباح الخير والسعادة....)
[2026-07-21T01:35:02.500Z] ⏳ انتظار 27.2 ثانية
[2026-07-21T01:35:30.125Z] 🖼️ تم إرسال صورة + نص إلى 212670424819
[2026-07-21T01:35:30.125Z] ✔ تم الإرسال إلى 212670424819 (🌹🤍 صباح الفل....)
[2026-07-21T01:35:30.126Z] ⏳ انتظار 30.6 ثانية
[2026-07-21T01:36:01.223Z] 🖼️ تم إرسال صورة + نص إلى 212703106510
[2026-07-21T01:36:01.223Z] ✔ تم الإرسال إلى 212703106510 (☕🌞 صباح الخير مع فنجان قهوة....)
[2026-07-21T01:36:01.229Z] ⏳ انتظار 38.6 ثانية
[2026-07-21T01:36:40.344Z] 🖼️ تم إرسال صورة + نص إلى 212601781138
[2026-07-21T01:36:40.344Z] ✔ تم الإرسال إلى 212601781138 (💖☀️ صباح السعادة والراحة....)
[2026-07-21T01:36:40.345Z] ⏳ انتظار 31.1 ثانية
[2026-07-21T01:37:11.926Z] 🖼️ تم إرسال صورة + نص إلى 212707196436
[2026-07-21T01:37:11.926Z] ✔ تم الإرسال إلى 212707196436 (🍃🌞 صباح مليء بالأمل....)
[2026-07-21T01:37:11.927Z] ⏳ انتظار 31.0 ثانية
[2026-07-21T01:37:42.893Z] 🏁 انتهت الحلقة الرئيسية
[2026-07-21T01:37:42.898Z] 📊 تم تحديث aggregate.json
[2026-07-21T01:37:43.046Z] 📨 تم إرسال التقرير للإدمن
[2026-07-21T06:10:18.086Z] 🚀 بدء تشغيل السكربت
[2026-07-21T06:10:18.087Z] 📌 نقطة التوقف الحالية: الفهرس 0
[2026-07-21T06:10:23.784Z] ✅ واتساب جاهز
[2026-07-21T06:10:23.786Z] 📞 عدد الأرقام بعد التنظيف: 8
[2026-07-21T06:10:23.787Z] 📝 تم تحميل 9 رسالة من message.json
[2026-07-21T06:10:23.787Z] 📌 نماذج من الرسائل: 🌞🌸 صباح الخير. | ☀️🌹 صباح الخير والسعادة. | 🌷✨ صباح الخير والنور. ...
[2026-07-21T06:10:23.787Z] 🖼️ تم تحميل 1 مدخل من images.json (قد تكون روابط أو مسارات محلية)
[2026-07-21T06:10:23.787Z] ⏩ الاستئناف من الفهرس 0 (الرقم: 212640656394)
[2026-07-21T06:10:23.787Z] ⏭️ الرقم 212640656394 سبق معالجته اليوم، تخطي
[2026-07-21T06:10:23.787Z] ⏭️ الرقم 212602088262 سبق معالجته اليوم، تخطي
[2026-07-21T06:10:23.787Z] ⏭️ الرقم 34632547380 سبق معالجته اليوم، تخطي
[2026-07-21T06:10:23.787Z] ⏭️ الرقم 34641379410 سبق معالجته اليوم، تخطي
[2026-07-21T06:10:23.787Z] ⏭️ الرقم 212670424819 سبق معالجته اليوم، تخطي
[2026-07-21T06:10:23.787Z] ⏭️ الرقم 212703106510 سبق معالجته اليوم، تخطي
[2026-07-21T06:10:23.787Z] ⏭️ الرقم 212601781138 سبق معالجته اليوم، تخطي
[2026-07-21T06:10:23.787Z] ⏭️ الرقم 212707196436 سبق معالجته اليوم، تخطي
[2026-07-21T06:10:23.787Z] 🏁 انتهت الحلقة الرئيسية
[2026-07-21T06:10:23.791Z] 📊 تم تحديث aggregate.json
[2026-07-21T06:10:25.162Z] 📨 تم إرسال التقرير للإدمن
